{"D:\\Projects\\boohoo\\__tests__\\Utils.tsx": {"path":"D:\\Projects\\boohoo\\__tests__\\Utils.tsx","statementMap":{"0":{"start":{"line":17,"column":34},"end":{"line":32,"column":1}},"1":{"start":{"line":27,"column":4},"end":{"line":27,"column":56}},"2":{"start":{"line":31,"column":2},"end":{"line":31,"column":80}}},"fnMap":{"0":{"name":"(anonymous_0)","decl":{"start":{"line":17,"column":34},"end":{"line":17,"column":35}},"loc":{"start":{"line":24,"column":36},"end":{"line":32,"column":1}},"line":24},"1":{"name":"Wrapper","decl":{"start":{"line":26,"column":11},"end":{"line":26,"column":18}},"loc":{"start":{"line":26,"column":69},"end":{"line":28,"column":3}},"line":26}},"branchMap":{"0":{"loc":{"start":{"line":19,"column":2},"end":{"line":24,"column":31}},"type":"default-arg","locations":[{"start":{"line":24,"column":29},"end":{"line":24,"column":31}}],"line":19},"1":{"loc":{"start":{"line":20,"column":4},"end":{"line":20,"column":23}},"type":"default-arg","locations":[{"start":{"line":20,"column":21},"end":{"line":20,"column":23}}],"line":20},"2":{"loc":{"start":{"line":22,"column":4},"end":{"line":22,"column":104}},"type":"default-arg","locations":[{"start":{"line":22,"column":12},"end":{"line":22,"column":104}}],"line":22}},"s":{"0":3,"1":9,"2":9},"f":{"0":9,"1":9},"b":{"0":[3],"1":[3],"2":[9]},"_coverageSchema":"1a1c01bbd47fc00a2c39e90264f33305004495a9","hash":"a6c011b24b6981bd9875d2f3da094abd7604161a"}
,"D:\\Projects\\boohoo\\__tests__\\src\\mockData\\Products.tsx": {"path":"D:\\Projects\\boohoo\\__tests__\\src\\mockData\\Products.tsx","statementMap":{"0":{"start":{"line":3,"column":39},"end":{"line":32,"column":1}}},"fnMap":{},"branchMap":{},"s":{"0":2},"f":{},"b":{},"_coverageSchema":"1a1c01bbd47fc00a2c39e90264f33305004495a9","hash":"3589eed5d2c386b183443eed12bea2b9fcb7e276"}
,"D:\\Projects\\boohoo\\src\\assets\\placeholder.png": {"path":"D:\\Projects\\boohoo\\src\\assets\\placeholder.png","statementMap":{"0":{"start":{"line":1,"column":0},"end":{"line":4,"column":6}}},"fnMap":{},"branchMap":{},"s":{"0":3},"f":{},"b":{},"_coverageSchema":"1a1c01bbd47fc00a2c39e90264f33305004495a9","hash":"5cbfda3dc8664dc91868ec9d1f9dc71bb49150fd"}
,"D:\\Projects\\boohoo\\src\\components\\Cart.tsx": {"path":"D:\\Projects\\boohoo\\src\\components\\Cart.tsx","statementMap":{"0":{"start":{"line":10,"column":38},"end":{"line":31,"column":1}},"1":{"start":{"line":12,"column":20},"end":{"line":12,"column":51}},"2":{"start":{"line":13,"column":19},"end":{"line":15,"column":10}},"3":{"start":{"line":13,"column":26},"end":{"line":15,"column":9}},"4":{"start":{"line":17,"column":2},"end":{"line":30,"column":4}},"5":{"start":{"line":33,"column":15},"end":{"line":52,"column":2}}},"fnMap":{"0":{"name":"(anonymous_0)","decl":{"start":{"line":10,"column":38},"end":{"line":10,"column":39}},"loc":{"start":{"line":10,"column":57},"end":{"line":31,"column":1}},"line":10},"1":{"name":"(anonymous_1)","decl":{"start":{"line":13,"column":19},"end":{"line":13,"column":20}},"loc":{"start":{"line":13,"column":26},"end":{"line":15,"column":9}},"line":13}},"branchMap":{"0":{"loc":{"start":{"line":23,"column":9},"end":{"line":26,"column":92}},"type":"cond-expr","locations":[{"start":{"line":24,"column":10},"end":{"line":24,"column":22}},{"start":{"line":26,"column":10},"end":{"line":26,"column":92}}],"line":23}},"s":{"0":4,"1":2,"2":2,"3":1,"4":2,"5":4},"f":{"0":2,"1":1},"b":{"0":[1,1]},"_coverageSchema":"1a1c01bbd47fc00a2c39e90264f33305004495a9","hash":"41229e50628d87db711f6852f932037f4c2c2b0a"}
,"D:\\Projects\\boohoo\\src\\components\\CartRow.tsx": {"path":"D:\\Projects\\boohoo\\src\\components\\CartRow.tsx","statementMap":{"0":{"start":{"line":17,"column":41},"end":{"line":52,"column":1}},"1":{"start":{"line":19,"column":2},"end":{"line":51,"column":4}},"2":{"start":{"line":23,"column":21},"end":{"line":23,"column":54}},"3":{"start":{"line":54,"column":15},"end":{"line":83,"column":2}}},"fnMap":{"0":{"name":"(anonymous_0)","decl":{"start":{"line":17,"column":41},"end":{"line":17,"column":42}},"loc":{"start":{"line":17,"column":60},"end":{"line":52,"column":1}},"line":17},"1":{"name":"(anonymous_1)","decl":{"start":{"line":23,"column":15},"end":{"line":23,"column":16}},"loc":{"start":{"line":23,"column":21},"end":{"line":23,"column":54}},"line":23}},"branchMap":{},"s":{"0":4,"1":5,"2":1,"3":4},"f":{"0":5,"1":1},"b":{},"_coverageSchema":"1a1c01bbd47fc00a2c39e90264f33305004495a9","hash":"8849c23a7f81570b26f4950e03d9e16b0ea86699"}
,"D:\\Projects\\boohoo\\src\\components\\Loader.tsx": {"path":"D:\\Projects\\boohoo\\src\\components\\Loader.tsx","statementMap":{"0":{"start":{"line":9,"column":45},"end":{"line":15,"column":1}},"1":{"start":{"line":10,"column":2},"end":{"line":14,"column":4}},"2":{"start":{"line":17,"column":15},"end":{"line":23,"column":2}}},"fnMap":{"0":{"name":"(anonymous_0)","decl":{"start":{"line":9,"column":45},"end":{"line":9,"column":46}},"loc":{"start":{"line":9,"column":69},"end":{"line":15,"column":1}},"line":9}},"branchMap":{},"s":{"0":4,"1":1,"2":4},"f":{"0":1},"b":{},"_coverageSchema":"1a1c01bbd47fc00a2c39e90264f33305004495a9","hash":"6670a1e46562d9bd62e70f6f52706c32942987d7"}
,"D:\\Projects\\boohoo\\src\\components\\Product.tsx": {"path":"D:\\Projects\\boohoo\\src\\components\\Product.tsx","statementMap":{"0":{"start":{"line":13,"column":47},"end":{"line":43,"column":1}},"1":{"start":{"line":15,"column":2},"end":{"line":42,"column":4}},"2":{"start":{"line":19,"column":21},"end":{"line":19,"column":49}},"3":{"start":{"line":45,"column":15},"end":{"line":64,"column":2}}},"fnMap":{"0":{"name":"(anonymous_0)","decl":{"start":{"line":13,"column":47},"end":{"line":13,"column":48}},"loc":{"start":{"line":13,"column":72},"end":{"line":43,"column":1}},"line":13},"1":{"name":"(anonymous_1)","decl":{"start":{"line":19,"column":15},"end":{"line":19,"column":16}},"loc":{"start":{"line":19,"column":21},"end":{"line":19,"column":49}},"line":19}},"branchMap":{},"s":{"0":4,"1":4,"2":1,"3":4},"f":{"0":4,"1":1},"b":{},"_coverageSchema":"1a1c01bbd47fc00a2c39e90264f33305004495a9","hash":"c05ac062ac367e080ad86771cef26972f6530083"}
,"D:\\Projects\\boohoo\\src\\components\\QuantityButton.tsx": {"path":"D:\\Projects\\boohoo\\src\\components\\QuantityButton.tsx","statementMap":{"0":{"start":{"line":10,"column":48},"end":{"line":29,"column":1}},"1":{"start":{"line":12,"column":2},"end":{"line":28,"column":4}},"2":{"start":{"line":31,"column":15},"end":{"line":58,"column":2}}},"fnMap":{"0":{"name":"(anonymous_0)","decl":{"start":{"line":10,"column":48},"end":{"line":10,"column":49}},"loc":{"start":{"line":10,"column":67},"end":{"line":29,"column":1}},"line":10}},"branchMap":{},"s":{"0":4,"1":9,"2":4},"f":{"0":9},"b":{},"_coverageSchema":"1a1c01bbd47fc00a2c39e90264f33305004495a9","hash":"db8dba5fa480f6d04082d9377f6c6d89d75d0cb9"}
,"D:\\Projects\\boohoo\\src\\components\\index.tsx": {"path":"D:\\Projects\\boohoo\\src\\components\\index.tsx","statementMap":{},"fnMap":{},"branchMap":{},"s":{},"f":{},"b":{},"_coverageSchema":"1a1c01bbd47fc00a2c39e90264f33305004495a9","hash":"51cd04166bfe63ae23ad4db3928e5ea07e66d511"}
,"D:\\Projects\\boohoo\\src\\constants\\TestIDs.tsx": {"path":"D:\\Projects\\boohoo\\src\\constants\\TestIDs.tsx","statementMap":{"0":{"start":{"line":1,"column":31},"end":{"line":4,"column":1}},"1":{"start":{"line":6,"column":27},"end":{"line":11,"column":1}},"2":{"start":{"line":13,"column":23},"end":{"line":15,"column":1}},"3":{"start":{"line":17,"column":31},"end":{"line":22,"column":1}}},"fnMap":{},"branchMap":{},"s":{"0":4,"1":4,"2":4,"3":4},"f":{},"b":{},"_coverageSchema":"1a1c01bbd47fc00a2c39e90264f33305004495a9","hash":"b7790b59c8305b5aefc765c7c3fbc1b2a393d25a"}
,"D:\\Projects\\boohoo\\src\\containers\\Cart.tsx": {"path":"D:\\Projects\\boohoo\\src\\containers\\Cart.tsx","statementMap":{"0":{"start":{"line":12,"column":30},"end":{"line":56,"column":1}},"1":{"start":{"line":14,"column":20},"end":{"line":14,"column":55}},"2":{"start":{"line":14,"column":44},"end":{"line":14,"column":54}},"3":{"start":{"line":16,"column":19},"end":{"line":16,"column":35}},"4":{"start":{"line":18,"column":21},"end":{"line":18,"column":78}},"5":{"start":{"line":20,"column":20},"end":{"line":26,"column":3}},"6":{"start":{"line":21,"column":4},"end":{"line":25,"column":5}},"7":{"start":{"line":28,"column":25},"end":{"line":49,"column":3}},"8":{"start":{"line":30,"column":4},"end":{"line":48,"column":9}},"9":{"start":{"line":32,"column":32},"end":{"line":32,"column":52}},"10":{"start":{"line":35,"column":10},"end":{"line":44,"column":11}},"11":{"start":{"line":39,"column":16},"end":{"line":39,"column":74}},"12":{"start":{"line":41,"column":30},"end":{"line":41,"column":58}},"13":{"start":{"line":42,"column":30},"end":{"line":42,"column":61}},"14":{"start":{"line":46,"column":38},"end":{"line":46,"column":75}},"15":{"start":{"line":51,"column":2},"end":{"line":55,"column":4}},"16":{"start":{"line":58,"column":15},"end":{"line":73,"column":2}}},"fnMap":{"0":{"name":"(anonymous_0)","decl":{"start":{"line":12,"column":30},"end":{"line":12,"column":31}},"loc":{"start":{"line":12,"column":36},"end":{"line":56,"column":1}},"line":12},"1":{"name":"(anonymous_1)","decl":{"start":{"line":14,"column":35},"end":{"line":14,"column":36}},"loc":{"start":{"line":14,"column":44},"end":{"line":14,"column":54}},"line":14},"2":{"name":"(anonymous_2)","decl":{"start":{"line":20,"column":20},"end":{"line":20,"column":21}},"loc":{"start":{"line":20,"column":26},"end":{"line":26,"column":3}},"line":20},"3":{"name":"(anonymous_3)","decl":{"start":{"line":28,"column":25},"end":{"line":28,"column":26}},"loc":{"start":{"line":28,"column":31},"end":{"line":49,"column":3}},"line":28},"4":{"name":"(anonymous_4)","decl":{"start":{"line":32,"column":22},"end":{"line":32,"column":23}},"loc":{"start":{"line":32,"column":32},"end":{"line":32,"column":52}},"line":32},"5":{"name":"(anonymous_5)","decl":{"start":{"line":34,"column":20},"end":{"line":34,"column":21}},"loc":{"start":{"line":34,"column":60},"end":{"line":45,"column":9}},"line":34},"6":{"name":"(anonymous_6)","decl":{"start":{"line":38,"column":23},"end":{"line":38,"column":24}},"loc":{"start":{"line":38,"column":36},"end":{"line":40,"column":15}},"line":38},"7":{"name":"(anonymous_7)","decl":{"start":{"line":41,"column":24},"end":{"line":41,"column":25}},"loc":{"start":{"line":41,"column":30},"end":{"line":41,"column":58}},"line":41},"8":{"name":"(anonymous_8)","decl":{"start":{"line":42,"column":24},"end":{"line":42,"column":25}},"loc":{"start":{"line":42,"column":30},"end":{"line":42,"column":61}},"line":42},"9":{"name":"(anonymous_9)","decl":{"start":{"line":46,"column":32},"end":{"line":46,"column":33}},"loc":{"start":{"line":46,"column":38},"end":{"line":46,"column":75}},"line":46}},"branchMap":{},"s":{"0":3,"1":6,"2":12,"3":6,"4":6,"5":6,"6":1,"7":6,"8":6,"9":5,"10":5,"11":1,"12":1,"13":1,"14":0,"15":6,"16":3},"f":{"0":6,"1":12,"2":1,"3":6,"4":5,"5":5,"6":1,"7":1,"8":1,"9":0},"b":{},"_coverageSchema":"1a1c01bbd47fc00a2c39e90264f33305004495a9","hash":"886266c0ea8f03ad64d22077464aaeea407968ec"}
,"D:\\Projects\\boohoo\\src\\containers\\ProductDetails.tsx": {"path":"D:\\Projects\\boohoo\\src\\containers\\ProductDetails.tsx","statementMap":{"0":{"start":{"line":18,"column":40},"end":{"line":70,"column":1}},"1":{"start":{"line":20,"column":16},"end":{"line":20,"column":26}},"2":{"start":{"line":21,"column":17},"end":{"line":21,"column":39}},"3":{"start":{"line":22,"column":18},"end":{"line":22,"column":32}},"4":{"start":{"line":23,"column":2},"end":{"line":23,"column":29}},"5":{"start":{"line":25,"column":19},"end":{"line":25,"column":35}},"6":{"start":{"line":26,"column":19},"end":{"line":26,"column":117}},"7":{"start":{"line":26,"column":43},"end":{"line":26,"column":116}},"8":{"start":{"line":26,"column":85},"end":{"line":26,"column":115}},"9":{"start":{"line":28,"column":2},"end":{"line":69,"column":4}},"10":{"start":{"line":54,"column":31},"end":{"line":54,"column":83}},"11":{"start":{"line":61,"column":32},"end":{"line":61,"column":59}},"12":{"start":{"line":62,"column":32},"end":{"line":62,"column":62}},"13":{"start":{"line":72,"column":15},"end":{"line":112,"column":2}}},"fnMap":{"0":{"name":"(anonymous_0)","decl":{"start":{"line":18,"column":40},"end":{"line":18,"column":41}},"loc":{"start":{"line":18,"column":46},"end":{"line":70,"column":1}},"line":18},"1":{"name":"(anonymous_1)","decl":{"start":{"line":26,"column":34},"end":{"line":26,"column":35}},"loc":{"start":{"line":26,"column":43},"end":{"line":26,"column":116}},"line":26},"2":{"name":"(anonymous_2)","decl":{"start":{"line":26,"column":65},"end":{"line":26,"column":66}},"loc":{"start":{"line":26,"column":85},"end":{"line":26,"column":115}},"line":26},"3":{"name":"(anonymous_3)","decl":{"start":{"line":54,"column":25},"end":{"line":54,"column":26}},"loc":{"start":{"line":54,"column":31},"end":{"line":54,"column":83}},"line":54},"4":{"name":"(anonymous_4)","decl":{"start":{"line":61,"column":26},"end":{"line":61,"column":27}},"loc":{"start":{"line":61,"column":32},"end":{"line":61,"column":59}},"line":61},"5":{"name":"(anonymous_5)","decl":{"start":{"line":62,"column":26},"end":{"line":62,"column":27}},"loc":{"start":{"line":62,"column":32},"end":{"line":62,"column":62}},"line":62}},"branchMap":{"0":{"loc":{"start":{"line":51,"column":13},"end":{"line":63,"column":16}},"type":"cond-expr","locations":[{"start":{"line":52,"column":14},"end":{"line":57,"column":33}},{"start":{"line":59,"column":14},"end":{"line":63,"column":16}}],"line":51}},"s":{"0":3,"1":8,"2":8,"3":8,"4":8,"5":8,"6":8,"7":16,"8":8,"9":8,"10":3,"11":1,"12":1,"13":3},"f":{"0":8,"1":16,"2":8,"3":3,"4":1,"5":1},"b":{"0":[4,4]},"_coverageSchema":"1a1c01bbd47fc00a2c39e90264f33305004495a9","hash":"7a08edb29e431d7ec6a2c11e9553892706f0ed94"}
,"D:\\Projects\\boohoo\\src\\containers\\Products.tsx": {"path":"D:\\Projects\\boohoo\\src\\containers\\Products.tsx","statementMap":{"0":{"start":{"line":11,"column":28},"end":{"line":63,"column":1}},"1":{"start":{"line":13,"column":19},"end":{"line":13,"column":35}},"2":{"start":{"line":14,"column":19},"end":{"line":14,"column":58}},"3":{"start":{"line":14,"column":43},"end":{"line":14,"column":57}},"4":{"start":{"line":16,"column":21},"end":{"line":16,"column":78}},"5":{"start":{"line":18,"column":2},"end":{"line":30,"column":8}},"6":{"start":{"line":19,"column":26},"end":{"line":21,"column":5}},"7":{"start":{"line":20,"column":6},"end":{"line":20,"column":35}},"8":{"start":{"line":23,"column":4},"end":{"line":29,"column":5}},"9":{"start":{"line":24,"column":6},"end":{"line":28,"column":8}},"10":{"start":{"line":25,"column":8},"end":{"line":27,"column":11}},"11":{"start":{"line":32,"column":25},"end":{"line":51,"column":3}},"12":{"start":{"line":34,"column":4},"end":{"line":50,"column":13}},"13":{"start":{"line":36,"column":32},"end":{"line":36,"column":44}},"14":{"start":{"line":39,"column":10},"end":{"line":45,"column":11}},"15":{"start":{"line":43,"column":16},"end":{"line":43,"column":74}},"16":{"start":{"line":53,"column":2},"end":{"line":62,"column":4}},"17":{"start":{"line":65,"column":15},"end":{"line":70,"column":2}}},"fnMap":{"0":{"name":"(anonymous_0)","decl":{"start":{"line":11,"column":28},"end":{"line":11,"column":29}},"loc":{"start":{"line":11,"column":34},"end":{"line":63,"column":1}},"line":11},"1":{"name":"(anonymous_1)","decl":{"start":{"line":14,"column":34},"end":{"line":14,"column":35}},"loc":{"start":{"line":14,"column":43},"end":{"line":14,"column":57}},"line":14},"2":{"name":"(anonymous_2)","decl":{"start":{"line":18,"column":12},"end":{"line":18,"column":13}},"loc":{"start":{"line":18,"column":18},"end":{"line":30,"column":3}},"line":18},"3":{"name":"(anonymous_3)","decl":{"start":{"line":19,"column":26},"end":{"line":19,"column":27}},"loc":{"start":{"line":19,"column":38},"end":{"line":21,"column":5}},"line":19},"4":{"name":"(anonymous_4)","decl":{"start":{"line":24,"column":28},"end":{"line":24,"column":29}},"loc":{"start":{"line":24,"column":37},"end":{"line":28,"column":7}},"line":24},"5":{"name":"(anonymous_5)","decl":{"start":{"line":32,"column":25},"end":{"line":32,"column":26}},"loc":{"start":{"line":32,"column":31},"end":{"line":51,"column":3}},"line":32},"6":{"name":"(anonymous_6)","decl":{"start":{"line":36,"column":22},"end":{"line":36,"column":23}},"loc":{"start":{"line":36,"column":32},"end":{"line":36,"column":44}},"line":36},"7":{"name":"(anonymous_7)","decl":{"start":{"line":38,"column":20},"end":{"line":38,"column":21}},"loc":{"start":{"line":38,"column":63},"end":{"line":46,"column":9}},"line":38},"8":{"name":"(anonymous_8)","decl":{"start":{"line":42,"column":23},"end":{"line":42,"column":24}},"loc":{"start":{"line":42,"column":36},"end":{"line":44,"column":15}},"line":42}},"branchMap":{"0":{"loc":{"start":{"line":23,"column":4},"end":{"line":29,"column":5}},"type":"if","locations":[{"start":{"line":23,"column":4},"end":{"line":29,"column":5}},{"start":{},"end":{}}],"line":23},"1":{"loc":{"start":{"line":23,"column":8},"end":{"line":23,"column":52}},"type":"binary-expr","locations":[{"start":{"line":23,"column":8},"end":{"line":23,"column":22}},{"start":{"line":23,"column":26},"end":{"line":23,"column":52}}],"line":23},"2":{"loc":{"start":{"line":34,"column":11},"end":{"line":50,"column":13}},"type":"cond-expr","locations":[{"start":{"line":35,"column":6},"end":{"line":48,"column":8}},{"start":{"line":50,"column":8},"end":{"line":50,"column":13}}],"line":34},"3":{"loc":{"start":{"line":55,"column":7},"end":{"line":58,"column":24}},"type":"cond-expr","locations":[{"start":{"line":56,"column":8},"end":{"line":56,"column":28}},{"start":{"line":58,"column":8},"end":{"line":58,"column":24}}],"line":55}},"s":{"0":3,"1":5,"2":4,"3":8,"4":4,"5":4,"6":2,"7":1,"8":2,"9":1,"10":0,"11":4,"12":3,"13":4,"14":4,"15":1,"16":4,"17":3},"f":{"0":5,"1":8,"2":2,"3":1,"4":0,"5":3,"6":4,"7":4,"8":1},"b":{"0":[1,1],"1":[2,1],"2":[1,2],"3":[1,3]},"_coverageSchema":"1a1c01bbd47fc00a2c39e90264f33305004495a9","hash":"3786094ab4a4700c691a67e7bf1d37983c146898"}
,"D:\\Projects\\boohoo\\src\\containers\\index.tsx": {"path":"D:\\Projects\\boohoo\\src\\containers\\index.tsx","statementMap":{},"fnMap":{},"branchMap":{},"s":{},"f":{},"b":{},"_coverageSchema":"1a1c01bbd47fc00a2c39e90264f33305004495a9","hash":"63b80e264bea7336ff8e7f77bddf58f642273df3"}
,"D:\\Projects\\boohoo\\src\\navigation\\NavRoutes.tsx": {"path":"D:\\Projects\\boohoo\\src\\navigation\\NavRoutes.tsx","statementMap":{"0":{"start":{"line":1,"column":25},"end":{"line":5,"column":1}}},"fnMap":{},"branchMap":{},"s":{"0":3},"f":{},"b":{},"_coverageSchema":"1a1c01bbd47fc00a2c39e90264f33305004495a9","hash":"b748c095519a33a0de51c2573520a34b7f6c8aa4"}
,"D:\\Projects\\boohoo\\src\\redux\\store.tsx": {"path":"D:\\Projects\\boohoo\\src\\redux\\store.tsx","statementMap":{"0":{"start":{"line":10,"column":19},"end":{"line":16,"column":1}},"1":{"start":{"line":11,"column":46},"end":{"line":11,"column":53}},"2":{"start":{"line":12,"column":2},"end":{"line":14,"column":3}},"3":{"start":{"line":13,"column":4},"end":{"line":13,"column":28}},"4":{"start":{"line":15,"column":2},"end":{"line":15,"column":19}},"5":{"start":{"line":18,"column":20},"end":{"line":21,"column":2}},"6":{"start":{"line":23,"column":19},"end":{"line":30,"column":1}},"7":{"start":{"line":24,"column":2},"end":{"line":29,"column":4}},"8":{"start":{"line":27,"column":4},"end":{"line":27,"column":47}},"9":{"start":{"line":43,"column":49},"end":{"line":43,"column":60}},"10":{"start":{"line":44,"column":63},"end":{"line":44,"column":74}}},"fnMap":{"0":{"name":"(anonymous_0)","decl":{"start":{"line":10,"column":19},"end":{"line":10,"column":20}},"loc":{"start":{"line":10,"column":25},"end":{"line":16,"column":1}},"line":10},"1":{"name":"(anonymous_1)","decl":{"start":{"line":23,"column":19},"end":{"line":23,"column":20}},"loc":{"start":{"line":23,"column":67},"end":{"line":30,"column":1}},"line":23},"2":{"name":"(anonymous_2)","decl":{"start":{"line":26,"column":16},"end":{"line":26,"column":17}},"loc":{"start":{"line":27,"column":4},"end":{"line":27,"column":47}},"line":27}},"branchMap":{"0":{"loc":{"start":{"line":12,"column":2},"end":{"line":14,"column":3}},"type":"if","locations":[{"start":{"line":12,"column":2},"end":{"line":14,"column":3}},{"start":{},"end":{}}],"line":12}},"s":{"0":3,"1":0,"2":0,"3":0,"4":0,"5":3,"6":3,"7":0,"8":0,"9":3,"10":3},"f":{"0":0,"1":0,"2":0},"b":{"0":[0,0]},"_coverageSchema":"1a1c01bbd47fc00a2c39e90264f33305004495a9","hash":"59a0abbb940b5c493c8cf70212289c0ff93dec96"}
,"D:\\Projects\\boohoo\\src\\redux\\service\\getProducts.tsx": {"path":"D:\\Projects\\boohoo\\src\\redux\\service\\getProducts.tsx","statementMap":{"0":{"start":{"line":4,"column":27},"end":{"line":13,"column":2}},"1":{"start":{"line":5,"column":32},"end":{"line":10,"column":50}},"2":{"start":{"line":10,"column":34},"end":{"line":10,"column":49}},"3":{"start":{"line":12,"column":2},"end":{"line":12,"column":17}}},"fnMap":{"0":{"name":"(anonymous_0)","decl":{"start":{"line":4,"column":56},"end":{"line":4,"column":57}},"loc":{"start":{"line":4,"column":68},"end":{"line":13,"column":1}},"line":4},"1":{"name":"(anonymous_1)","decl":{"start":{"line":10,"column":10},"end":{"line":10,"column":11}},"loc":{"start":{"line":10,"column":34},"end":{"line":10,"column":49}},"line":10}},"branchMap":{},"s":{"0":3,"1":1,"2":0,"3":0},"f":{"0":1,"1":0},"b":{},"_coverageSchema":"1a1c01bbd47fc00a2c39e90264f33305004495a9","hash":"fb8246100d73e4a03c9fd89f7281124c209573ad"}
,"D:\\Projects\\boohoo\\src\\redux\\slices\\CartSlice.tsx": {"path":"D:\\Projects\\boohoo\\src\\redux\\slices\\CartSlice.tsx","statementMap":{"0":{"start":{"line":5,"column":18},"end":{"line":43,"column":2}},"1":{"start":{"line":10,"column":6},"end":{"line":23,"column":7}},"2":{"start":{"line":11,"column":8},"end":{"line":11,"column":37}},"3":{"start":{"line":13,"column":33},"end":{"line":13,"column":38}},"4":{"start":{"line":14,"column":8},"end":{"line":19,"column":10}},"5":{"start":{"line":15,"column":10},"end":{"line":18,"column":11}},"6":{"start":{"line":16,"column":12},"end":{"line":16,"column":30}},"7":{"start":{"line":17,"column":12},"end":{"line":17,"column":28}},"8":{"start":{"line":20,"column":8},"end":{"line":22,"column":9}},"9":{"start":{"line":21,"column":10},"end":{"line":21,"column":41}},"10":{"start":{"line":24,"column":6},"end":{"line":24,"column":43}},"11":{"start":{"line":27,"column":6},"end":{"line":39,"column":7}},"12":{"start":{"line":28,"column":8},"end":{"line":37,"column":10}},"13":{"start":{"line":29,"column":10},"end":{"line":35,"column":11}},"14":{"start":{"line":30,"column":12},"end":{"line":33,"column":13}},"15":{"start":{"line":31,"column":14},"end":{"line":31,"column":32}},"16":{"start":{"line":32,"column":14},"end":{"line":32,"column":25}},"17":{"start":{"line":34,"column":12},"end":{"line":34,"column":24}},"18":{"start":{"line":36,"column":10},"end":{"line":36,"column":21}},"19":{"start":{"line":38,"column":8},"end":{"line":38,"column":45}},"20":{"start":{"line":46,"column":39},"end":{"line":46,"column":56}}},"fnMap":{"0":{"name":"(anonymous_0)","decl":{"start":{"line":9,"column":4},"end":{"line":9,"column":5}},"loc":{"start":{"line":9,"column":78},"end":{"line":25,"column":5}},"line":9},"1":{"name":"(anonymous_1)","decl":{"start":{"line":14,"column":23},"end":{"line":14,"column":24}},"loc":{"start":{"line":14,"column":31},"end":{"line":19,"column":9}},"line":14},"2":{"name":"(anonymous_2)","decl":{"start":{"line":26,"column":4},"end":{"line":26,"column":5}},"loc":{"start":{"line":26,"column":81},"end":{"line":40,"column":5}},"line":26},"3":{"name":"(anonymous_3)","decl":{"start":{"line":28,"column":39},"end":{"line":28,"column":40}},"loc":{"start":{"line":28,"column":47},"end":{"line":37,"column":9}},"line":28}},"branchMap":{"0":{"loc":{"start":{"line":10,"column":6},"end":{"line":23,"column":7}},"type":"if","locations":[{"start":{"line":10,"column":6},"end":{"line":23,"column":7}},{"start":{"line":12,"column":13},"end":{"line":23,"column":7}}],"line":10},"1":{"loc":{"start":{"line":15,"column":10},"end":{"line":18,"column":11}},"type":"if","locations":[{"start":{"line":15,"column":10},"end":{"line":18,"column":11}},{"start":{},"end":{}}],"line":15},"2":{"loc":{"start":{"line":20,"column":8},"end":{"line":22,"column":9}},"type":"if","locations":[{"start":{"line":20,"column":8},"end":{"line":22,"column":9}},{"start":{},"end":{}}],"line":20},"3":{"loc":{"start":{"line":27,"column":6},"end":{"line":39,"column":7}},"type":"if","locations":[{"start":{"line":27,"column":6},"end":{"line":39,"column":7}},{"start":{},"end":{}}],"line":27},"4":{"loc":{"start":{"line":29,"column":10},"end":{"line":35,"column":11}},"type":"if","locations":[{"start":{"line":29,"column":10},"end":{"line":35,"column":11}},{"start":{},"end":{}}],"line":29},"5":{"loc":{"start":{"line":30,"column":12},"end":{"line":33,"column":13}},"type":"if","locations":[{"start":{"line":30,"column":12},"end":{"line":33,"column":13}},{"start":{},"end":{}}],"line":30}},"s":{"0":3,"1":5,"2":3,"3":2,"4":2,"5":2,"6":2,"7":2,"8":2,"9":0,"10":5,"11":2,"12":2,"13":2,"14":2,"15":1,"16":1,"17":1,"18":0,"19":2,"20":3},"f":{"0":5,"1":2,"2":2,"3":2},"b":{"0":[3,2],"1":[2,0],"2":[0,2],"3":[2,0],"4":[2,0],"5":[1,1]},"_coverageSchema":"1a1c01bbd47fc00a2c39e90264f33305004495a9","hash":"bf316c92d99953a2cf227457a8aa9f4fdb60a510"}
,"D:\\Projects\\boohoo\\src\\redux\\slices\\ProductSlice.tsx": {"path":"D:\\Projects\\boohoo\\src\\redux\\slices\\ProductSlice.tsx","statementMap":{"0":{"start":{"line":6,"column":28},"end":{"line":36,"column":2}},"1":{"start":{"line":13,"column":4},"end":{"line":15,"column":6}},"2":{"start":{"line":14,"column":6},"end":{"line":14,"column":28}},"3":{"start":{"line":16,"column":4},"end":{"line":20,"column":6}},"4":{"start":{"line":17,"column":6},"end":{"line":17,"column":33}},"5":{"start":{"line":18,"column":6},"end":{"line":18,"column":29}},"6":{"start":{"line":19,"column":6},"end":{"line":19,"column":29}},"7":{"start":{"line":21,"column":4},"end":{"line":34,"column":6}},"8":{"start":{"line":22,"column":18},"end":{"line":22,"column":27}},"9":{"start":{"line":23,"column":6},"end":{"line":27,"column":7}},"10":{"start":{"line":24,"column":8},"end":{"line":24,"column":46}},"11":{"start":{"line":26,"column":8},"end":{"line":26,"column":36}},"12":{"start":{"line":28,"column":6},"end":{"line":33,"column":7}},"13":{"start":{"line":39,"column":25},"end":{"line":39,"column":45}}},"fnMap":{"0":{"name":"(anonymous_0)","decl":{"start":{"line":12,"column":17},"end":{"line":12,"column":18}},"loc":{"start":{"line":12,"column":84},"end":{"line":35,"column":3}},"line":12},"1":{"name":"(anonymous_1)","decl":{"start":{"line":13,"column":41},"end":{"line":13,"column":42}},"loc":{"start":{"line":13,"column":52},"end":{"line":15,"column":5}},"line":13},"2":{"name":"(anonymous_2)","decl":{"start":{"line":16,"column":43},"end":{"line":16,"column":44}},"loc":{"start":{"line":16,"column":62},"end":{"line":20,"column":5}},"line":16},"3":{"name":"(anonymous_3)","decl":{"start":{"line":21,"column":42},"end":{"line":21,"column":43}},"loc":{"start":{"line":21,"column":61},"end":{"line":34,"column":5}},"line":21}},"branchMap":{"0":{"loc":{"start":{"line":23,"column":6},"end":{"line":27,"column":7}},"type":"if","locations":[{"start":{"line":23,"column":6},"end":{"line":27,"column":7}},{"start":{"line":25,"column":13},"end":{"line":27,"column":7}}],"line":23}},"s":{"0":3,"1":3,"2":1,"3":3,"4":0,"5":0,"6":0,"7":3,"8":1,"9":1,"10":0,"11":1,"12":1,"13":3},"f":{"0":3,"1":1,"2":0,"3":1},"b":{"0":[0,1]},"_coverageSchema":"1a1c01bbd47fc00a2c39e90264f33305004495a9","hash":"c09bafd9b65a15aa04c483ec52f2ff50ca0169d8"}
,"D:\\Projects\\boohoo\\src\\redux\\slices\\createGenericSlice.tsx": {"path":"D:\\Projects\\boohoo\\src\\redux\\slices\\createGenericSlice.tsx","statementMap":{"0":{"start":{"line":10,"column":34},"end":{"line":53,"column":1}},"1":{"start":{"line":24,"column":2},"end":{"line":52,"column":4}},"2":{"start":{"line":29,"column":8},"end":{"line":29,"column":31}},"3":{"start":{"line":39,"column":8},"end":{"line":39,"column":53}},"4":{"start":{"line":40,"column":8},"end":{"line":40,"column":35}},"5":{"start":{"line":41,"column":8},"end":{"line":41,"column":31}},"6":{"start":{"line":42,"column":8},"end":{"line":42,"column":31}}},"fnMap":{"0":{"name":"(anonymous_0)","decl":{"start":{"line":10,"column":34},"end":{"line":10,"column":35}},"loc":{"start":{"line":23,"column":6},"end":{"line":53,"column":1}},"line":23},"1":{"name":"(anonymous_1)","decl":{"start":{"line":28,"column":6},"end":{"line":28,"column":7}},"loc":{"start":{"line":28,"column":19},"end":{"line":30,"column":7}},"line":28},"2":{"name":"(anonymous_2)","decl":{"start":{"line":38,"column":6},"end":{"line":38,"column":7}},"loc":{"start":{"line":38,"column":64},"end":{"line":43,"column":7}},"line":38}},"branchMap":{"0":{"loc":{"start":{"line":14,"column":2},"end":{"line":14,"column":11}},"type":"default-arg","locations":[{"start":{"line":14,"column":9},"end":{"line":14,"column":11}}],"line":14}},"s":{"0":3,"1":6,"2":0,"3":0,"4":0,"5":0,"6":0},"f":{"0":6,"1":0,"2":0},"b":{"0":[0]},"_coverageSchema":"1a1c01bbd47fc00a2c39e90264f33305004495a9","hash":"200372f8cda27a02671462c0ff4b6a82d31cfdac"}
,"D:\\Projects\\boohoo\\src\\utils\\util.tsx": {"path":"D:\\Projects\\boohoo\\src\\utils\\util.tsx","statementMap":{"0":{"start":{"line":2,"column":28},"end":{"line":4,"column":1}},"1":{"start":{"line":3,"column":4},"end":{"line":3,"column":78}}},"fnMap":{"0":{"name":"(anonymous_0)","decl":{"start":{"line":2,"column":28},"end":{"line":2,"column":29}},"loc":{"start":{"line":2,"column":56},"end":{"line":4,"column":1}},"line":2}},"branchMap":{},"s":{"0":4,"1":17},"f":{"0":17},"b":{},"_coverageSchema":"1a1c01bbd47fc00a2c39e90264f33305004495a9","hash":"a6340395ed8ea0703760aac6c3f45372c85f9114"}
}
