TN:
SF:__tests__\Utils.tsx
FN:17,(anonymous_0)
FN:26,Wrapper
FNF:2
FNH:2
FNDA:9,(anonymous_0)
FNDA:9,Wrapper
DA:17,3
DA:27,9
DA:31,9
LF:3
LH:3
BRDA:19,0,0,3
BRDA:20,1,0,3
BRDA:22,2,0,9
BRF:3
BRH:3
end_of_record
TN:
SF:__tests__\src\mockData\Products.tsx
FNF:0
FNH:0
DA:3,2
LF:1
LH:1
BRF:0
BRH:0
end_of_record
TN:
SF:src\assets\placeholder.png
FNF:0
FNH:0
DA:1,3
LF:1
LH:1
BRF:0
BRH:0
end_of_record
TN:
SF:src\components\Cart.tsx
FN:10,(anonymous_0)
FN:13,(anonymous_1)
FNF:2
FNH:2
FNDA:2,(anonymous_0)
FNDA:1,(anonymous_1)
DA:10,4
DA:12,2
DA:13,2
DA:17,2
DA:33,4
LF:5
LH:5
BRDA:23,0,0,1
BRDA:23,0,1,1
BRF:2
BRH:2
end_of_record
TN:
SF:src\components\CartRow.tsx
FN:17,(anonymous_0)
FN:23,(anonymous_1)
FNF:2
FNH:2
FNDA:5,(anonymous_0)
FNDA:1,(anonymous_1)
DA:17,4
DA:19,5
DA:23,1
DA:54,4
LF:4
LH:4
BRF:0
BRH:0
end_of_record
TN:
SF:src\components\Loader.tsx
FN:9,(anonymous_0)
FNF:1
FNH:1
FNDA:1,(anonymous_0)
DA:9,4
DA:10,1
DA:17,4
LF:3
LH:3
BRF:0
BRH:0
end_of_record
TN:
SF:src\components\Product.tsx
FN:13,(anonymous_0)
FN:19,(anonymous_1)
FNF:2
FNH:2
FNDA:4,(anonymous_0)
FNDA:1,(anonymous_1)
DA:13,4
DA:15,4
DA:19,1
DA:45,4
LF:4
LH:4
BRF:0
BRH:0
end_of_record
TN:
SF:src\components\QuantityButton.tsx
FN:10,(anonymous_0)
FNF:1
FNH:1
FNDA:9,(anonymous_0)
DA:10,4
DA:12,9
DA:31,4
LF:3
LH:3
BRF:0
BRH:0
end_of_record
TN:
SF:src\components\index.tsx
FNF:0
FNH:0
LF:0
LH:0
BRF:0
BRH:0
end_of_record
TN:
SF:src\constants\TestIDs.tsx
FNF:0
FNH:0
DA:1,4
DA:6,4
DA:13,4
DA:17,4
LF:4
LH:4
BRF:0
BRH:0
end_of_record
TN:
SF:src\containers\Cart.tsx
FN:12,(anonymous_0)
FN:14,(anonymous_1)
FN:20,(anonymous_2)
FN:28,(anonymous_3)
FN:32,(anonymous_4)
FN:34,(anonymous_5)
FN:38,(anonymous_6)
FN:41,(anonymous_7)
FN:42,(anonymous_8)
FN:46,(anonymous_9)
FNF:10
FNH:9
FNDA:6,(anonymous_0)
FNDA:12,(anonymous_1)
FNDA:1,(anonymous_2)
FNDA:6,(anonymous_3)
FNDA:5,(anonymous_4)
FNDA:5,(anonymous_5)
FNDA:1,(anonymous_6)
FNDA:1,(anonymous_7)
FNDA:1,(anonymous_8)
FNDA:0,(anonymous_9)
DA:12,3
DA:14,12
DA:16,6
DA:18,6
DA:20,6
DA:21,1
DA:28,6
DA:30,6
DA:32,5
DA:35,5
DA:39,1
DA:41,1
DA:42,1
DA:46,0
DA:51,6
DA:58,3
LF:16
LH:15
BRF:0
BRH:0
end_of_record
TN:
SF:src\containers\ProductDetails.tsx
FN:18,(anonymous_0)
FN:26,(anonymous_1)
FN:26,(anonymous_2)
FN:54,(anonymous_3)
FN:61,(anonymous_4)
FN:62,(anonymous_5)
FNF:6
FNH:6
FNDA:8,(anonymous_0)
FNDA:16,(anonymous_1)
FNDA:8,(anonymous_2)
FNDA:3,(anonymous_3)
FNDA:1,(anonymous_4)
FNDA:1,(anonymous_5)
DA:18,3
DA:20,8
DA:21,8
DA:22,8
DA:23,8
DA:25,8
DA:26,16
DA:28,8
DA:54,3
DA:61,1
DA:62,1
DA:72,3
LF:12
LH:12
BRDA:51,0,0,4
BRDA:51,0,1,4
BRF:2
BRH:2
end_of_record
TN:
SF:src\containers\Products.tsx
FN:11,(anonymous_0)
FN:14,(anonymous_1)
FN:18,(anonymous_2)
FN:19,(anonymous_3)
FN:24,(anonymous_4)
FN:32,(anonymous_5)
FN:36,(anonymous_6)
FN:38,(anonymous_7)
FN:42,(anonymous_8)
FNF:9
FNH:8
FNDA:5,(anonymous_0)
FNDA:8,(anonymous_1)
FNDA:2,(anonymous_2)
FNDA:1,(anonymous_3)
FNDA:0,(anonymous_4)
FNDA:3,(anonymous_5)
FNDA:4,(anonymous_6)
FNDA:4,(anonymous_7)
FNDA:1,(anonymous_8)
DA:11,3
DA:13,5
DA:14,8
DA:16,4
DA:18,4
DA:19,2
DA:20,1
DA:23,2
DA:24,1
DA:25,0
DA:32,4
DA:34,3
DA:36,4
DA:39,4
DA:43,1
DA:53,4
DA:65,3
LF:17
LH:16
BRDA:23,0,0,1
BRDA:23,0,1,1
BRDA:23,1,0,2
BRDA:23,1,1,1
BRDA:34,2,0,1
BRDA:34,2,1,2
BRDA:55,3,0,1
BRDA:55,3,1,3
BRF:8
BRH:8
end_of_record
TN:
SF:src\containers\index.tsx
FNF:0
FNH:0
LF:0
LH:0
BRF:0
BRH:0
end_of_record
TN:
SF:src\navigation\NavRoutes.tsx
FNF:0
FNH:0
DA:1,3
LF:1
LH:1
BRF:0
BRH:0
end_of_record
TN:
SF:src\redux\store.tsx
FN:10,(anonymous_0)
FN:23,(anonymous_1)
FN:26,(anonymous_2)
FNF:3
FNH:0
FNDA:0,(anonymous_0)
FNDA:0,(anonymous_1)
FNDA:0,(anonymous_2)
DA:10,3
DA:11,0
DA:12,0
DA:13,0
DA:15,0
DA:18,3
DA:23,3
DA:24,0
DA:27,0
DA:43,3
DA:44,3
LF:11
LH:5
BRDA:12,0,0,0
BRDA:12,0,1,0
BRF:2
BRH:0
end_of_record
TN:
SF:src\redux\service\getProducts.tsx
FN:4,(anonymous_0)
FN:10,(anonymous_1)
FNF:2
FNH:1
FNDA:1,(anonymous_0)
FNDA:0,(anonymous_1)
DA:4,3
DA:5,1
DA:10,0
DA:12,0
LF:4
LH:2
BRF:0
BRH:0
end_of_record
TN:
SF:src\redux\slices\CartSlice.tsx
FN:9,(anonymous_0)
FN:14,(anonymous_1)
FN:26,(anonymous_2)
FN:28,(anonymous_3)
FNF:4
FNH:4
FNDA:5,(anonymous_0)
FNDA:2,(anonymous_1)
FNDA:2,(anonymous_2)
FNDA:2,(anonymous_3)
DA:5,3
DA:10,5
DA:11,3
DA:13,2
DA:14,2
DA:15,2
DA:16,2
DA:17,2
DA:20,2
DA:21,0
DA:24,5
DA:27,2
DA:28,2
DA:29,2
DA:30,2
DA:31,1
DA:32,1
DA:34,1
DA:36,0
DA:38,2
DA:46,3
LF:21
LH:19
BRDA:10,0,0,3
BRDA:10,0,1,2
BRDA:15,1,0,2
BRDA:15,1,1,0
BRDA:20,2,0,0
BRDA:20,2,1,2
BRDA:27,3,0,2
BRDA:27,3,1,0
BRDA:29,4,0,2
BRDA:29,4,1,0
BRDA:30,5,0,1
BRDA:30,5,1,1
BRF:12
BRH:8
end_of_record
TN:
SF:src\redux\slices\ProductSlice.tsx
FN:12,(anonymous_0)
FN:13,(anonymous_1)
FN:16,(anonymous_2)
FN:21,(anonymous_3)
FNF:4
FNH:3
FNDA:3,(anonymous_0)
FNDA:1,(anonymous_1)
FNDA:0,(anonymous_2)
FNDA:1,(anonymous_3)
DA:6,3
DA:13,3
DA:14,1
DA:16,3
DA:17,0
DA:18,0
DA:19,0
DA:21,3
DA:22,1
DA:23,1
DA:24,0
DA:26,1
DA:28,1
DA:39,3
LF:14
LH:10
BRDA:23,0,0,0
BRDA:23,0,1,1
BRF:2
BRH:1
end_of_record
TN:
SF:src\redux\slices\createGenericSlice.tsx
FN:10,(anonymous_0)
FN:28,(anonymous_1)
FN:38,(anonymous_2)
FNF:3
FNH:1
FNDA:6,(anonymous_0)
FNDA:0,(anonymous_1)
FNDA:0,(anonymous_2)
DA:10,3
DA:24,6
DA:29,0
DA:39,0
DA:40,0
DA:41,0
DA:42,0
LF:7
LH:2
BRDA:14,0,0,0
BRF:1
BRH:0
end_of_record
TN:
SF:src\utils\util.tsx
FN:2,(anonymous_0)
FNF:1
FNH:1
FNDA:17,(anonymous_0)
DA:2,4
DA:3,17
LF:2
LH:2
BRF:0
BRH:0
end_of_record
